<?xml version="1.0" encoding="UTF-8"?>
<!-- Generated by org.testng.reporters.JUnitReportReporter -->
<testsuite hostname="DESKTOP-8UEGB1J" failures="0" tests="1" name="testCase.Login" time="6.956" errors="0" timestamp="2024-03-30T20:00:15 NPT" skipped="0">
  <testcase classname="testCase.Login" name="ForgetPassword" time="6.956"/>
</testsuite> <!-- testCase.Login -->
